#-----------------------------------------------------------
# Vivado v2018.3 (64-bit)
# SW Build 2405991 on Thu Dec  6 23:38:27 MST 2018
# IP Build 2404404 on Fri Dec  7 01:43:56 MST 2018
# Start of session at: Thu May  4 11:49:34 2023
# Process ID: 14736
# Current directory: C:/Users/Jedid/Capstone_RV32I
# Command line: vivado.exe -gui_launcher_event rodinguilauncherevent7916 C:\Users\Jedid\Capstone_RV32I\Capstone_RV32I.xpr
# Log file: C:/Users/Jedid/Capstone_RV32I/vivado.log
# Journal file: C:/Users/Jedid/Capstone_RV32I\vivado.jou
#-----------------------------------------------------------
start_gui
open_project C:/Users/Jedid/Capstone_RV32I/Capstone_RV32I.xpr
Scanning sources...
Finished scanning sources
INFO: [IP_Flow 19-234] Refreshing IP repositories
INFO: [IP_Flow 19-1704] No user IP repositories specified
INFO: [IP_Flow 19-2313] Loaded Vivado IP repository 'C:/Xilinx/Vivado/2018.3/data/ip'.
open_project: Time (s): cpu = 00:00:17 ; elapsed = 00:00:08 . Memory (MB): peak = 829.941 ; gain = 201.207
update_compile_order -fileset sources_1
move_files -fileset sim_1 [get_files  {{C:/Users/Jedid/Documents/School docs/RV32I_Capstone/src/sim_1/new/RV32I_CtrlUnit_tb.vhd}}]
move_files -fileset sim_1 [get_files  {{C:/Users/Jedid/Documents/School docs/RV32I_Capstone/src/sim_1/new/RV32I_ALU_tb.vhd}}]
